[debug] [2020-05-09T18:03:47.561Z] ----------------------------------------------------------------------
[debug] [2020-05-09T18:03:47.564Z] Command:       /Users/guiseek/.nvm/versions/node/v10.14.2/bin/node /Users/guiseek/web/work/blog/programando/node_modules/.bin/firebase emulators:start --only functions,firestore
[debug] [2020-05-09T18:03:47.564Z] CLI Version:   7.16.2
[debug] [2020-05-09T18:03:47.564Z] Platform:      darwin
[debug] [2020-05-09T18:03:47.564Z] Node Version:  v10.14.2
[debug] [2020-05-09T18:03:47.568Z] Time:          Sat May 09 2020 15:03:47 GMT-0300 (GMT-03:00)
[debug] [2020-05-09T18:03:47.568Z] ----------------------------------------------------------------------
[debug] [2020-05-09T18:03:47.568Z] 
[debug] [2020-05-09T18:03:47.588Z] > command requires scopes: ["email","openid","https://www.googleapis.com/auth/cloudplatformprojects.readonly","https://www.googleapis.com/auth/firebase","https://www.googleapis.com/auth/cloud-platform"]
[debug] [2020-05-09T18:03:47.588Z] > authorizing via signed-in user
[info] i  emulators: Starting emulators: functions, firestore
[debug] [2020-05-09T18:03:47.701Z] [hub] writing locator at /var/folders/ch/rr3t2f_j1j72l3_2781k0dgh0000gn/T/hub-head-tech.json
[info] ✔  hub: emulator hub started at http://localhost:4400
[info] ✔  functions: Using node@10 from host.
[info] ✔  functions: functions emulator started at http://localhost:5001
[info] i  firestore: Serving ALL traffic (including WebChannel) on http://localhost:8080
[warn] ⚠  firestore: Support for WebChannel on a separate port (8081) is DEPRECATED and will go away soon. Please use port above instead.
[debug] [2020-05-09T18:03:47.828Z] Ignoring unsupported arg: projectId
[debug] [2020-05-09T18:03:47.828Z] Ignoring unsupported arg: auto_download
[debug] [2020-05-09T18:03:47.828Z] Starting firestore emulator with command {"binary":"java","args":["-Duser.language=en","-jar","/Users/guiseek/.cache/firebase/emulators/cloud-firestore-emulator-v1.11.2.jar","--host","localhost","--port",8080,"--rules","/Users/guiseek/web/work/blog/programando/firestore.rules","--functions_emulator","localhost:5001","--webchannel_port",8081],"optionalArgs":["port","webchannel_port","host","rules","functions_emulator","seed_from_export"],"joinArgs":false}
[info] i  firestore: firestore emulator logging to firestore-debug.log
[debug] [2020-05-09T18:03:51.412Z] API endpoint: http://
[debug] [2020-05-09T18:03:51.413Z] localhost:8080
If you are using a library that supports the FIRESTORE_EMULATOR_HOST environment variable, run:

   export FIRESTORE_EMULATOR_HOST=localhost:8080

Dev App Server is now running.


[info] ✔  firestore: firestore emulator started at http://localhost:8080
[info] i  firestore: For testing set FIRESTORE_EMULATOR_HOST=localhost:8080
[info] i  functions: Watching "/Users/guiseek/web/work/blog/programando/" for Cloud Functions...
[debug] [2020-05-09T18:03:51.639Z] [worker-pool] addWorker(~diagnostic~)
[debug] [2020-05-09T18:03:51.639Z] [worker-pool] Adding worker with key ~diagnostic~, total=1
[debug] [2020-05-09T18:03:51.640Z] [worker-pool] submitWork(triggerId=)
[debug] [2020-05-09T18:03:51.640Z] [worker-~diagnostic~-eb216db8-ef6b-4816-a19d-b9595226c919]: Assigning socketPath: /var/folders/ch/rr3t2f_j1j72l3_2781k0dgh0000gn/T/fire_emu_6969.sock
[debug] [2020-05-09T18:03:51.641Z] [worker-~diagnostic~-eb216db8-ef6b-4816-a19d-b9595226c919]: BUSY
[debug] [2020-05-09T18:03:52.695Z] [runtime-status] [6969] Functions runtime initialized. {"cwd":"/Users/guiseek/web/work/blog/programando","node_version":"10.14.2"}
[debug] [2020-05-09T18:03:52.698Z] [runtime-status] [6969] Disabled runtime features: undefined
[debug] [2020-05-09T18:03:52.703Z] [runtime-status] [6969] Resolved module firebase-admin {"declared":true,"installed":true,"version":"8.12.1","resolution":"/Users/guiseek/web/work/blog/programando/node_modules/firebase-admin/lib/index.js"}
[debug] [2020-05-09T18:03:52.708Z] [runtime-status] [6969] Resolved module firebase-functions {"declared":true,"installed":true,"version":"3.6.1","resolution":"/Users/guiseek/web/work/blog/programando/node_modules/firebase-functions/lib/index.js"}
[debug] [2020-05-09T18:03:53.056Z] File /Users/guiseek/web/work/blog/programando/dist/apps/cloud/functions/main.js changed, reloading triggers
[debug] [2020-05-09T18:03:53.057Z] File /Users/guiseek/web/work/blog/programando/dist/apps/cloud/functions/main.js.map changed, reloading triggers
[debug] [2020-05-09T18:03:53.421Z] [runtime-status] [6969] Found google-gax at /Users/guiseek/web/work/blog/programando/node_modules/google-gax/build/src/index.js
[debug] [2020-05-09T18:03:53.421Z] [runtime-status] [6969] Outgoing network have been stubbed. [{"name":"http","status":"mocked"},{"name":"http","status":"mocked"},{"name":"https","status":"mocked"},{"name":"https","status":"mocked"},{"name":"net","status":"mocked"},{"name":"google-gax","status":"mocked"}]
[debug] [2020-05-09T18:03:53.454Z] [runtime-status] [6969] Checked functions.config() {"config":{}}
[debug] [2020-05-09T18:03:53.455Z] [runtime-status] [6969] Resolved module firebase-functions {"declared":true,"installed":true,"version":"3.6.1","resolution":"/Users/guiseek/web/work/blog/programando/node_modules/firebase-functions/lib/index.js"}
[debug] [2020-05-09T18:03:53.456Z] [runtime-status] [6969] Resolved module firebase-admin {"declared":true,"installed":true,"version":"8.12.1","resolution":"/Users/guiseek/web/work/blog/programando/node_modules/firebase-admin/lib/index.js"}
[debug] [2020-05-09T18:03:53.457Z] [runtime-status] [6969] Resolved module firebase-functions {"declared":true,"installed":true,"version":"3.6.1","resolution":"/Users/guiseek/web/work/blog/programando/node_modules/firebase-functions/lib/index.js"}
[debug] [2020-05-09T18:03:53.597Z] [runtime-status] [6969] firebase-admin has been stubbed. {"adminResolution":{"declared":true,"installed":true,"version":"8.12.1","resolution":"/Users/guiseek/web/work/blog/programando/node_modules/firebase-admin/lib/index.js"}}
[debug] [2020-05-09T18:03:53.615Z] [runtime-status] [6969] initializeApp(DEFAULT) {"databaseURL":"https://head-tech.firebaseio.com","storageBucket":"head-tech.appspot.com","projectId":"head-tech","credential":{"implicit":true,"refreshToken":{"clientId":"563584335869-fgrhgmd47bqnekij5i8b5pr03ho849e6.apps.googleusercontent.com","clientSecret":"j9iVZfS8kkCEFUPaAeJV0sAi","refreshToken":"1/SU5clgk3Z2Dvx0WvjrXOLAGV9vsDANw84n9enLxtcYU","type":"authorized_user"},"httpClient":{"retry":{"maxRetries":4,"statusCodes":[503],"ioErrorCodes":["ECONNRESET","ETIMEDOUT"],"backOffFactor":0.5,"maxDelayInMillis":60000}}}}
[debug] [2020-05-09T18:03:53.818Z] [runtime-status] [6969] config() parent accessed! {"parentKey":"dev_motivator","parentConfig":{}}
[warn] ⚠  Non-existent functions.config() value requested!
   - Path: "dev_motivator.device_token"
   - Learn more at https://firebase.google.com/docs/functions/local-emulator
[debug] [2020-05-09T18:03:53.822Z] Unsupported trigger: {"eventTrigger":{"resource":"projects/head-tech/events/first_visit","eventType":"providers/google.firebase.analytics/eventTypes/event.log","service":"app-measurement.com"},"name":"appinstalled","entryPoint":"appinstalled"}
[info] i  functions[appinstalled]: function ignored because the analytics emulator does not exist or is not running.
[info] ✔  emulators: All emulators started, it is now safe to connect.
[debug] [2020-05-09T18:03:53.826Z] [worker-~diagnostic~-eb216db8-ef6b-4816-a19d-b9595226c919]: IDLE
[debug] [2020-05-09T18:03:54.059Z] [worker-pool] Shutting down IDLE worker (~diagnostic~)
[debug] [2020-05-09T18:03:54.059Z] [worker-~diagnostic~-eb216db8-ef6b-4816-a19d-b9595226c919]: FINISHING
[debug] [2020-05-09T18:03:54.068Z] [worker-pool] addWorker(~diagnostic~)
[debug] [2020-05-09T18:03:54.068Z] [worker-pool] Adding worker with key ~diagnostic~, total=2
[debug] [2020-05-09T18:03:54.068Z] [worker-pool] submitWork(triggerId=)
[debug] [2020-05-09T18:03:54.068Z] [worker-~diagnostic~-53ff46d3-f7f4-436e-a057-3a605f45cfd8]: Assigning socketPath: /var/folders/ch/rr3t2f_j1j72l3_2781k0dgh0000gn/T/fire_emu_6973.sock
[debug] [2020-05-09T18:03:54.069Z] [worker-~diagnostic~-53ff46d3-f7f4-436e-a057-3a605f45cfd8]: BUSY
[debug] [2020-05-09T18:03:54.070Z] [worker-~diagnostic~-eb216db8-ef6b-4816-a19d-b9595226c919]: exited
[debug] [2020-05-09T18:03:54.070Z] [worker-~diagnostic~-eb216db8-ef6b-4816-a19d-b9595226c919]: FINISHED
[debug] [2020-05-09T18:03:54.881Z] [runtime-status] [6973] Functions runtime initialized. {"cwd":"/Users/guiseek/web/work/blog/programando","node_version":"10.14.2"}
[debug] [2020-05-09T18:03:54.885Z] [runtime-status] [6973] Disabled runtime features: undefined
[debug] [2020-05-09T18:03:54.910Z] [runtime-status] [6973] Resolved module firebase-admin {"declared":true,"installed":true,"version":"8.12.1","resolution":"/Users/guiseek/web/work/blog/programando/node_modules/firebase-admin/lib/index.js"}
[debug] [2020-05-09T18:03:54.915Z] [runtime-status] [6973] Resolved module firebase-functions {"declared":true,"installed":true,"version":"3.6.1","resolution":"/Users/guiseek/web/work/blog/programando/node_modules/firebase-functions/lib/index.js"}
[debug] [2020-05-09T18:03:55.503Z] [runtime-status] [6973] Found google-gax at /Users/guiseek/web/work/blog/programando/node_modules/google-gax/build/src/index.js
[debug] [2020-05-09T18:03:55.504Z] [runtime-status] [6973] Outgoing network have been stubbed. [{"name":"http","status":"mocked"},{"name":"http","status":"mocked"},{"name":"https","status":"mocked"},{"name":"https","status":"mocked"},{"name":"net","status":"mocked"},{"name":"google-gax","status":"mocked"}]
[debug] [2020-05-09T18:03:55.673Z] [runtime-status] [6973] Checked functions.config() {"config":{}}
[debug] [2020-05-09T18:03:55.675Z] [runtime-status] [6973] Resolved module firebase-functions {"declared":true,"installed":true,"version":"3.6.1","resolution":"/Users/guiseek/web/work/blog/programando/node_modules/firebase-functions/lib/index.js"}
[debug] [2020-05-09T18:03:55.680Z] [runtime-status] [6973] Resolved module firebase-admin {"declared":true,"installed":true,"version":"8.12.1","resolution":"/Users/guiseek/web/work/blog/programando/node_modules/firebase-admin/lib/index.js"}
[debug] [2020-05-09T18:03:55.680Z] [runtime-status] [6973] Resolved module firebase-functions {"declared":true,"installed":true,"version":"3.6.1","resolution":"/Users/guiseek/web/work/blog/programando/node_modules/firebase-functions/lib/index.js"}
[debug] [2020-05-09T18:03:55.825Z] [runtime-status] [6973] firebase-admin has been stubbed. {"adminResolution":{"declared":true,"installed":true,"version":"8.12.1","resolution":"/Users/guiseek/web/work/blog/programando/node_modules/firebase-admin/lib/index.js"}}
[debug] [2020-05-09T18:03:55.828Z] [runtime-status] [6973] initializeApp(DEFAULT) {"databaseURL":"https://head-tech.firebaseio.com","storageBucket":"head-tech.appspot.com","projectId":"head-tech","credential":{"implicit":true,"refreshToken":{"clientId":"563584335869-fgrhgmd47bqnekij5i8b5pr03ho849e6.apps.googleusercontent.com","clientSecret":"j9iVZfS8kkCEFUPaAeJV0sAi","refreshToken":"1/SU5clgk3Z2Dvx0WvjrXOLAGV9vsDANw84n9enLxtcYU","type":"authorized_user"},"httpClient":{"retry":{"maxRetries":4,"statusCodes":[503],"ioErrorCodes":["ECONNRESET","ETIMEDOUT"],"backOffFactor":0.5,"maxDelayInMillis":60000}}}}
[debug] [2020-05-09T18:03:55.980Z] [runtime-status] [6973] config() parent accessed! {"parentKey":"dev_motivator","parentConfig":{}}
[warn] ⚠  Non-existent functions.config() value requested!
   - Path: "dev_motivator.device_token"
   - Learn more at https://firebase.google.com/docs/functions/local-emulator
[debug] [2020-05-09T18:03:56.017Z] [worker-~diagnostic~-53ff46d3-f7f4-436e-a057-3a605f45cfd8]: IDLE
[debug] [2020-05-09T18:08:13.684Z] File /Users/guiseek/web/work/blog/programando/apps/cloud/functions/src/main.ts changed, reloading triggers
[debug] [2020-05-09T18:08:14.099Z] File /Users/guiseek/web/work/blog/programando/dist/apps/cloud/functions/main.js changed, reloading triggers
[debug] [2020-05-09T18:08:14.099Z] File /Users/guiseek/web/work/blog/programando/dist/apps/cloud/functions/main.js.map changed, reloading triggers
[debug] [2020-05-09T18:08:15.105Z] [worker-pool] Shutting down IDLE worker (~diagnostic~)
[debug] [2020-05-09T18:08:15.105Z] [worker-~diagnostic~-53ff46d3-f7f4-436e-a057-3a605f45cfd8]: FINISHING
[debug] [2020-05-09T18:08:15.105Z] [worker-pool] Cleaned up workers for ~diagnostic~: 2 --> 1
[debug] [2020-05-09T18:08:15.114Z] [worker-pool] addWorker(~diagnostic~)
[debug] [2020-05-09T18:08:15.114Z] [worker-pool] Adding worker with key ~diagnostic~, total=2
[debug] [2020-05-09T18:08:15.114Z] [worker-pool] submitWork(triggerId=)
[debug] [2020-05-09T18:08:15.114Z] [worker-~diagnostic~-1409bfee-ac0a-41ad-91bf-a0f24b5b856d]: Assigning socketPath: /var/folders/ch/rr3t2f_j1j72l3_2781k0dgh0000gn/T/fire_emu_7141.sock
[debug] [2020-05-09T18:08:15.114Z] [worker-~diagnostic~-1409bfee-ac0a-41ad-91bf-a0f24b5b856d]: BUSY
[debug] [2020-05-09T18:08:15.115Z] [worker-~diagnostic~-53ff46d3-f7f4-436e-a057-3a605f45cfd8]: exited
[debug] [2020-05-09T18:08:15.115Z] [worker-~diagnostic~-53ff46d3-f7f4-436e-a057-3a605f45cfd8]: FINISHED
[debug] [2020-05-09T18:08:15.650Z] [runtime-status] [7141] Functions runtime initialized. {"cwd":"/Users/guiseek/web/work/blog/programando","node_version":"10.14.2"}
[debug] [2020-05-09T18:08:15.653Z] [runtime-status] [7141] Disabled runtime features: undefined
[debug] [2020-05-09T18:08:15.655Z] [runtime-status] [7141] Resolved module firebase-admin {"declared":true,"installed":true,"version":"8.12.1","resolution":"/Users/guiseek/web/work/blog/programando/node_modules/firebase-admin/lib/index.js"}
[debug] [2020-05-09T18:08:15.657Z] [runtime-status] [7141] Resolved module firebase-functions {"declared":true,"installed":true,"version":"3.6.1","resolution":"/Users/guiseek/web/work/blog/programando/node_modules/firebase-functions/lib/index.js"}
[debug] [2020-05-09T18:08:16.038Z] [runtime-status] [7141] Found google-gax at /Users/guiseek/web/work/blog/programando/node_modules/google-gax/build/src/index.js
[debug] [2020-05-09T18:08:16.038Z] [runtime-status] [7141] Outgoing network have been stubbed. [{"name":"http","status":"mocked"},{"name":"http","status":"mocked"},{"name":"https","status":"mocked"},{"name":"https","status":"mocked"},{"name":"net","status":"mocked"},{"name":"google-gax","status":"mocked"}]
[debug] [2020-05-09T18:08:16.091Z] [runtime-status] [7141] Checked functions.config() {"config":{}}
[debug] [2020-05-09T18:08:16.093Z] [runtime-status] [7141] Resolved module firebase-functions {"declared":true,"installed":true,"version":"3.6.1","resolution":"/Users/guiseek/web/work/blog/programando/node_modules/firebase-functions/lib/index.js"}
[debug] [2020-05-09T18:08:16.094Z] [runtime-status] [7141] Resolved module firebase-admin {"declared":true,"installed":true,"version":"8.12.1","resolution":"/Users/guiseek/web/work/blog/programando/node_modules/firebase-admin/lib/index.js"}
[debug] [2020-05-09T18:08:16.095Z] [runtime-status] [7141] Resolved module firebase-functions {"declared":true,"installed":true,"version":"3.6.1","resolution":"/Users/guiseek/web/work/blog/programando/node_modules/firebase-functions/lib/index.js"}
[debug] [2020-05-09T18:08:16.243Z] [runtime-status] [7141] firebase-admin has been stubbed. {"adminResolution":{"declared":true,"installed":true,"version":"8.12.1","resolution":"/Users/guiseek/web/work/blog/programando/node_modules/firebase-admin/lib/index.js"}}
[debug] [2020-05-09T18:08:16.247Z] [runtime-status] [7141] initializeApp(DEFAULT) {"databaseURL":"https://head-tech.firebaseio.com","storageBucket":"head-tech.appspot.com","projectId":"head-tech"}
[info] ✔  functions[like]: http function initialized (http://localhost:5001/head-tech/us-central1/like).
[debug] [2020-05-09T18:08:16.338Z] [worker-~diagnostic~-1409bfee-ac0a-41ad-91bf-a0f24b5b856d]: IDLE
[debug] [2020-05-09T18:08:24.102Z] [work-queue] {"queueLength":1,"workRunningCount":0}
[debug] [2020-05-09T18:08:24.102Z] [work-queue] {"queueLength":0,"workRunningCount":1}
[debug] [2020-05-09T18:08:24.103Z] Accepted request GET /head-tech/us-central1/like --> like
[debug] [2020-05-09T18:08:24.103Z] [worker-pool] Cleaned up workers for ~diagnostic~: 2 --> 1
[debug] [2020-05-09T18:08:24.162Z] [worker-pool] addWorker(like)
[debug] [2020-05-09T18:08:24.162Z] [worker-pool] Adding worker with key like, total=1
[debug] [2020-05-09T18:08:24.162Z] [worker-pool] submitWork(triggerId=like)
[debug] [2020-05-09T18:08:24.163Z] [worker-like-27031ff9-065b-45ec-9825-bf2be0ba0cd2]: Assigning socketPath: /var/folders/ch/rr3t2f_j1j72l3_2781k0dgh0000gn/T/fire_emu_7171.sock
[debug] [2020-05-09T18:08:24.163Z] [worker-like-27031ff9-065b-45ec-9825-bf2be0ba0cd2]: BUSY
[debug] [2020-05-09T18:08:24.851Z] [runtime-status] [7171] Functions runtime initialized. {"cwd":"/Users/guiseek/web/work/blog/programando","node_version":"10.14.2"}
[debug] [2020-05-09T18:08:24.915Z] [runtime-status] [7171] Disabled runtime features: undefined
[debug] [2020-05-09T18:08:24.920Z] [runtime-status] [7171] Resolved module firebase-admin {"declared":true,"installed":true,"version":"8.12.1","resolution":"/Users/guiseek/web/work/blog/programando/node_modules/firebase-admin/lib/index.js"}
[debug] [2020-05-09T18:08:24.922Z] [runtime-status] [7171] Resolved module firebase-functions {"declared":true,"installed":true,"version":"3.6.1","resolution":"/Users/guiseek/web/work/blog/programando/node_modules/firebase-functions/lib/index.js"}
[debug] [2020-05-09T18:08:25.592Z] [runtime-status] [7171] Found google-gax at /Users/guiseek/web/work/blog/programando/node_modules/google-gax/build/src/index.js
[debug] [2020-05-09T18:08:25.593Z] [runtime-status] [7171] Outgoing network have been stubbed. [{"name":"http","status":"mocked"},{"name":"http","status":"mocked"},{"name":"https","status":"mocked"},{"name":"https","status":"mocked"},{"name":"net","status":"mocked"},{"name":"google-gax","status":"mocked"}]
[debug] [2020-05-09T18:08:25.650Z] [runtime-status] [7171] Checked functions.config() {"config":{}}
[debug] [2020-05-09T18:08:25.652Z] [runtime-status] [7171] Resolved module firebase-functions {"declared":true,"installed":true,"version":"3.6.1","resolution":"/Users/guiseek/web/work/blog/programando/node_modules/firebase-functions/lib/index.js"}
[debug] [2020-05-09T18:08:25.653Z] [runtime-status] [7171] Resolved module firebase-admin {"declared":true,"installed":true,"version":"8.12.1","resolution":"/Users/guiseek/web/work/blog/programando/node_modules/firebase-admin/lib/index.js"}
[debug] [2020-05-09T18:08:25.653Z] [runtime-status] [7171] Resolved module firebase-functions {"declared":true,"installed":true,"version":"3.6.1","resolution":"/Users/guiseek/web/work/blog/programando/node_modules/firebase-functions/lib/index.js"}
[debug] [2020-05-09T18:08:25.792Z] [runtime-status] [7171] firebase-admin has been stubbed. {"adminResolution":{"declared":true,"installed":true,"version":"8.12.1","resolution":"/Users/guiseek/web/work/blog/programando/node_modules/firebase-admin/lib/index.js"}}
[debug] [2020-05-09T18:08:25.797Z] [runtime-status] [7171] initializeApp(DEFAULT) {"databaseURL":"https://head-tech.firebaseio.com","storageBucket":"head-tech.appspot.com","projectId":"head-tech"}
[debug] [2020-05-09T18:08:25.890Z] [runtime-status] [7171] Trigger "like" has been found, beginning invocation!
[info] i  functions: Beginning execution of "like"
[debug] [2020-05-09T18:08:25.891Z] [runtime-status] [7171] triggerDefinition {"httpsTrigger":{},"name":"like","entryPoint":"like"}
[debug] [2020-05-09T18:08:25.891Z] [runtime-status] [7171] Running like in mode HTTPS
[debug] [2020-05-09T18:08:25.902Z] [runtime-status] [7171] Attempting to listen to socketPath: /var/folders/ch/rr3t2f_j1j72l3_2781k0dgh0000gn/T/fire_emu_7171.sock
[debug] [2020-05-09T18:08:25.908Z] [functions] Runtime ready! Sending request!
[debug] [2020-05-09T18:08:25.919Z] [runtime-status] [7171] Ephemeral server handling GET request
[debug] [2020-05-09T18:08:25.927Z] [runtime-status] [7171] Ephemeral server survived.
[info] i  functions: Finished "like" in ~1s
[debug] [2020-05-09T18:08:25.928Z] [worker-like-27031ff9-065b-45ec-9825-bf2be0ba0cd2]: IDLE
[debug] [2020-05-09T18:08:25.928Z] [work-queue] {"queueLength":0,"workRunningCount":0}
[debug] [2020-05-09T18:10:02.396Z] File /Users/guiseek/web/work/blog/programando/libs/blog/feature-shell/src/lib/components/preview/preview.component.ts changed, reloading triggers
[debug] [2020-05-09T18:10:03.400Z] [worker-pool] Shutting down IDLE worker (~diagnostic~)
[debug] [2020-05-09T18:10:03.400Z] [worker-~diagnostic~-1409bfee-ac0a-41ad-91bf-a0f24b5b856d]: FINISHING
[debug] [2020-05-09T18:10:03.401Z] [worker-pool] Shutting down IDLE worker (like)
[debug] [2020-05-09T18:10:03.401Z] [worker-like-27031ff9-065b-45ec-9825-bf2be0ba0cd2]: FINISHING
[debug] [2020-05-09T18:10:03.411Z] [worker-pool] addWorker(~diagnostic~)
[debug] [2020-05-09T18:10:03.411Z] [worker-pool] Adding worker with key ~diagnostic~, total=2
[debug] [2020-05-09T18:10:03.411Z] [worker-pool] submitWork(triggerId=)
[debug] [2020-05-09T18:10:03.411Z] [worker-~diagnostic~-dd937f63-3d80-4f88-97ce-3cdc74830cf3]: Assigning socketPath: /var/folders/ch/rr3t2f_j1j72l3_2781k0dgh0000gn/T/fire_emu_7381.sock
[debug] [2020-05-09T18:10:03.411Z] [worker-~diagnostic~-dd937f63-3d80-4f88-97ce-3cdc74830cf3]: BUSY
[debug] [2020-05-09T18:10:03.414Z] [worker-~diagnostic~-1409bfee-ac0a-41ad-91bf-a0f24b5b856d]: exited
[debug] [2020-05-09T18:10:03.414Z] [worker-~diagnostic~-1409bfee-ac0a-41ad-91bf-a0f24b5b856d]: FINISHED
[debug] [2020-05-09T18:10:03.414Z] [worker-like-27031ff9-065b-45ec-9825-bf2be0ba0cd2]: exited
[debug] [2020-05-09T18:10:03.414Z] [worker-like-27031ff9-065b-45ec-9825-bf2be0ba0cd2]: FINISHED
[debug] [2020-05-09T18:10:04.112Z] [runtime-status] [7381] Functions runtime initialized. {"cwd":"/Users/guiseek/web/work/blog/programando","node_version":"10.14.2"}
[debug] [2020-05-09T18:10:04.114Z] [runtime-status] [7381] Disabled runtime features: undefined
[debug] [2020-05-09T18:10:04.117Z] [runtime-status] [7381] Resolved module firebase-admin {"declared":true,"installed":true,"version":"8.12.1","resolution":"/Users/guiseek/web/work/blog/programando/node_modules/firebase-admin/lib/index.js"}
[debug] [2020-05-09T18:10:04.119Z] [runtime-status] [7381] Resolved module firebase-functions {"declared":true,"installed":true,"version":"3.6.1","resolution":"/Users/guiseek/web/work/blog/programando/node_modules/firebase-functions/lib/index.js"}
[debug] [2020-05-09T18:10:04.543Z] [runtime-status] [7381] Found google-gax at /Users/guiseek/web/work/blog/programando/node_modules/google-gax/build/src/index.js
[debug] [2020-05-09T18:10:04.543Z] [runtime-status] [7381] Outgoing network have been stubbed. [{"name":"http","status":"mocked"},{"name":"http","status":"mocked"},{"name":"https","status":"mocked"},{"name":"https","status":"mocked"},{"name":"net","status":"mocked"},{"name":"google-gax","status":"mocked"}]
[debug] [2020-05-09T18:10:04.581Z] [runtime-status] [7381] Checked functions.config() {"config":{}}
[debug] [2020-05-09T18:10:04.583Z] [runtime-status] [7381] Resolved module firebase-functions {"declared":true,"installed":true,"version":"3.6.1","resolution":"/Users/guiseek/web/work/blog/programando/node_modules/firebase-functions/lib/index.js"}
[debug] [2020-05-09T18:10:04.584Z] [runtime-status] [7381] Resolved module firebase-admin {"declared":true,"installed":true,"version":"8.12.1","resolution":"/Users/guiseek/web/work/blog/programando/node_modules/firebase-admin/lib/index.js"}
[debug] [2020-05-09T18:10:04.584Z] [runtime-status] [7381] Resolved module firebase-functions {"declared":true,"installed":true,"version":"3.6.1","resolution":"/Users/guiseek/web/work/blog/programando/node_modules/firebase-functions/lib/index.js"}
[debug] [2020-05-09T18:10:04.750Z] [runtime-status] [7381] firebase-admin has been stubbed. {"adminResolution":{"declared":true,"installed":true,"version":"8.12.1","resolution":"/Users/guiseek/web/work/blog/programando/node_modules/firebase-admin/lib/index.js"}}
[debug] [2020-05-09T18:10:04.754Z] [runtime-status] [7381] initializeApp(DEFAULT) {"databaseURL":"https://head-tech.firebaseio.com","storageBucket":"head-tech.appspot.com","projectId":"head-tech"}
[debug] [2020-05-09T18:10:04.869Z] [worker-~diagnostic~-dd937f63-3d80-4f88-97ce-3cdc74830cf3]: IDLE
[debug] [2020-05-09T18:10:41.304Z] File /Users/guiseek/web/work/blog/programando/libs/blog/feature-shell/src/lib/components/preview/preview.component.html changed, reloading triggers
[debug] [2020-05-09T18:10:42.309Z] [worker-pool] Shutting down IDLE worker (~diagnostic~)
[debug] [2020-05-09T18:10:42.309Z] [worker-~diagnostic~-dd937f63-3d80-4f88-97ce-3cdc74830cf3]: FINISHING
[debug] [2020-05-09T18:10:42.310Z] [worker-pool] Cleaned up workers for ~diagnostic~: 2 --> 1
[debug] [2020-05-09T18:10:42.310Z] [worker-pool] Cleaned up workers for like: 1 --> 0
[debug] [2020-05-09T18:10:42.324Z] [worker-pool] addWorker(~diagnostic~)
[debug] [2020-05-09T18:10:42.324Z] [worker-pool] Adding worker with key ~diagnostic~, total=2
[debug] [2020-05-09T18:10:42.324Z] [worker-pool] submitWork(triggerId=)
[debug] [2020-05-09T18:10:42.324Z] [worker-~diagnostic~-14229e29-c05e-4c26-a32a-d99a4f677e29]: Assigning socketPath: /var/folders/ch/rr3t2f_j1j72l3_2781k0dgh0000gn/T/fire_emu_7473.sock
[debug] [2020-05-09T18:10:42.324Z] [worker-~diagnostic~-14229e29-c05e-4c26-a32a-d99a4f677e29]: BUSY
[debug] [2020-05-09T18:10:42.325Z] [worker-~diagnostic~-dd937f63-3d80-4f88-97ce-3cdc74830cf3]: exited
[debug] [2020-05-09T18:10:42.325Z] [worker-~diagnostic~-dd937f63-3d80-4f88-97ce-3cdc74830cf3]: FINISHED
[debug] [2020-05-09T18:10:42.929Z] [runtime-status] [7473] Functions runtime initialized. {"cwd":"/Users/guiseek/web/work/blog/programando","node_version":"10.14.2"}
[debug] [2020-05-09T18:10:42.931Z] [runtime-status] [7473] Disabled runtime features: undefined
[debug] [2020-05-09T18:10:42.935Z] [runtime-status] [7473] Resolved module firebase-admin {"declared":true,"installed":true,"version":"8.12.1","resolution":"/Users/guiseek/web/work/blog/programando/node_modules/firebase-admin/lib/index.js"}
[debug] [2020-05-09T18:10:42.935Z] [runtime-status] [7473] Resolved module firebase-functions {"declared":true,"installed":true,"version":"3.6.1","resolution":"/Users/guiseek/web/work/blog/programando/node_modules/firebase-functions/lib/index.js"}
[debug] [2020-05-09T18:10:43.285Z] [runtime-status] [7473] Found google-gax at /Users/guiseek/web/work/blog/programando/node_modules/google-gax/build/src/index.js
[debug] [2020-05-09T18:10:43.285Z] [runtime-status] [7473] Outgoing network have been stubbed. [{"name":"http","status":"mocked"},{"name":"http","status":"mocked"},{"name":"https","status":"mocked"},{"name":"https","status":"mocked"},{"name":"net","status":"mocked"},{"name":"google-gax","status":"mocked"}]
[debug] [2020-05-09T18:10:43.318Z] [runtime-status] [7473] Checked functions.config() {"config":{}}
[debug] [2020-05-09T18:10:43.319Z] [runtime-status] [7473] Resolved module firebase-functions {"declared":true,"installed":true,"version":"3.6.1","resolution":"/Users/guiseek/web/work/blog/programando/node_modules/firebase-functions/lib/index.js"}
[debug] [2020-05-09T18:10:43.320Z] [runtime-status] [7473] Resolved module firebase-admin {"declared":true,"installed":true,"version":"8.12.1","resolution":"/Users/guiseek/web/work/blog/programando/node_modules/firebase-admin/lib/index.js"}
[debug] [2020-05-09T18:10:43.320Z] [runtime-status] [7473] Resolved module firebase-functions {"declared":true,"installed":true,"version":"3.6.1","resolution":"/Users/guiseek/web/work/blog/programando/node_modules/firebase-functions/lib/index.js"}
[debug] [2020-05-09T18:10:43.439Z] [runtime-status] [7473] firebase-admin has been stubbed. {"adminResolution":{"declared":true,"installed":true,"version":"8.12.1","resolution":"/Users/guiseek/web/work/blog/programando/node_modules/firebase-admin/lib/index.js"}}
[debug] [2020-05-09T18:10:43.443Z] [runtime-status] [7473] initializeApp(DEFAULT) {"databaseURL":"https://head-tech.firebaseio.com","storageBucket":"head-tech.appspot.com","projectId":"head-tech"}
[debug] [2020-05-09T18:10:43.537Z] [worker-~diagnostic~-14229e29-c05e-4c26-a32a-d99a4f677e29]: IDLE
[info] i  emulators: Shutting down emulators.
[info] i  hub: Stopping emulator hub
[info] i  functions: Stopping functions emulator
[info] i  firestore: Stopping firestore emulator
[debug] [2020-05-09T18:11:22.619Z] [worker-~diagnostic~-14229e29-c05e-4c26-a32a-d99a4f677e29]: exited
[debug] [2020-05-09T18:11:22.619Z] [worker-~diagnostic~-14229e29-c05e-4c26-a32a-d99a4f677e29]: FINISHED
[info] i  emulators: Shutting down emulators.
[info] i  firestore: Stopping firestore emulator
[debug] [2020-05-09T18:11:22.643Z] *** shutting down gRPC server since JVM is shutting down

[debug] [2020-05-09T18:11:22.654Z] *** server shut down

[debug] [2020-05-09T18:14:59.013Z] ----------------------------------------------------------------------
[debug] [2020-05-09T18:14:59.016Z] Command:       /Users/guiseek/.nvm/versions/node/v10.14.2/bin/node /Users/guiseek/web/work/blog/programando/node_modules/.bin/firebase emulators:start --only functions,firestore
[debug] [2020-05-09T18:14:59.017Z] CLI Version:   7.16.2
[debug] [2020-05-09T18:14:59.017Z] Platform:      darwin
[debug] [2020-05-09T18:14:59.017Z] Node Version:  v10.14.2
[debug] [2020-05-09T18:14:59.033Z] Time:          Sat May 09 2020 15:14:59 GMT-0300 (GMT-03:00)
[debug] [2020-05-09T18:14:59.033Z] ----------------------------------------------------------------------
[debug] [2020-05-09T18:14:59.033Z] 
[debug] [2020-05-09T18:14:59.045Z] > command requires scopes: ["email","openid","https://www.googleapis.com/auth/cloudplatformprojects.readonly","https://www.googleapis.com/auth/firebase","https://www.googleapis.com/auth/cloud-platform"]
[debug] [2020-05-09T18:14:59.046Z] > authorizing via signed-in user
[info] i  emulators: Starting emulators: functions, firestore
[debug] [2020-05-09T18:14:59.141Z] [hub] writing locator at /var/folders/ch/rr3t2f_j1j72l3_2781k0dgh0000gn/T/hub-head-tech.json
[info] ✔  hub: emulator hub started at http://localhost:4400
[info] ✔  functions: Using node@10 from host.
[info] ✔  functions: functions emulator started at http://localhost:5001
[info] i  firestore: Serving ALL traffic (including WebChannel) on http://localhost:8080
[warn] ⚠  firestore: Support for WebChannel on a separate port (8081) is DEPRECATED and will go away soon. Please use port above instead.
[debug] [2020-05-09T18:14:59.430Z] Ignoring unsupported arg: projectId
[debug] [2020-05-09T18:14:59.430Z] Ignoring unsupported arg: auto_download
[debug] [2020-05-09T18:14:59.430Z] Starting firestore emulator with command {"binary":"java","args":["-Duser.language=en","-jar","/Users/guiseek/.cache/firebase/emulators/cloud-firestore-emulator-v1.11.2.jar","--host","localhost","--port",8080,"--rules","/Users/guiseek/web/work/blog/programando/firestore.rules","--functions_emulator","localhost:5001","--webchannel_port",8081],"optionalArgs":["port","webchannel_port","host","rules","functions_emulator","seed_from_export"],"joinArgs":false}
[info] i  firestore: firestore emulator logging to firestore-debug.log
[debug] [2020-05-09T18:15:03.295Z] API endpoint: http://
[debug] [2020-05-09T18:15:03.296Z] localhost:8080
If you are using a library that supports the FIRESTORE_EMULATOR_HOST environment variable, run:

   export FIRESTORE_EMULATOR_HOST=localhost:8080

Dev App Server is now running.


[info] ✔  firestore: firestore emulator started at http://localhost:8080
[info] i  firestore: For testing set FIRESTORE_EMULATOR_HOST=localhost:8080
[info] i  functions: Watching "/Users/guiseek/web/work/blog/programando/" for Cloud Functions...
[debug] [2020-05-09T18:15:03.509Z] [worker-pool] addWorker(~diagnostic~)
[debug] [2020-05-09T18:15:03.509Z] [worker-pool] Adding worker with key ~diagnostic~, total=1
[debug] [2020-05-09T18:15:03.509Z] [worker-pool] submitWork(triggerId=)
[debug] [2020-05-09T18:15:03.510Z] [worker-~diagnostic~-b9e7a5a0-e962-42b1-9223-405325adbd4a]: Assigning socketPath: /var/folders/ch/rr3t2f_j1j72l3_2781k0dgh0000gn/T/fire_emu_7687.sock
[debug] [2020-05-09T18:15:03.510Z] [worker-~diagnostic~-b9e7a5a0-e962-42b1-9223-405325adbd4a]: BUSY
[debug] [2020-05-09T18:15:04.037Z] [runtime-status] [7687] Functions runtime initialized. {"cwd":"/Users/guiseek/web/work/blog/programando","node_version":"10.14.2"}
[debug] [2020-05-09T18:15:04.038Z] [runtime-status] [7687] Disabled runtime features: undefined
[debug] [2020-05-09T18:15:04.042Z] [runtime-status] [7687] Resolved module firebase-admin {"declared":true,"installed":true,"version":"8.12.1","resolution":"/Users/guiseek/web/work/blog/programando/node_modules/firebase-admin/lib/index.js"}
[debug] [2020-05-09T18:15:04.045Z] [runtime-status] [7687] Resolved module firebase-functions {"declared":true,"installed":true,"version":"3.6.1","resolution":"/Users/guiseek/web/work/blog/programando/node_modules/firebase-functions/lib/index.js"}
[debug] [2020-05-09T18:15:04.412Z] [runtime-status] [7687] Found google-gax at /Users/guiseek/web/work/blog/programando/node_modules/google-gax/build/src/index.js
[debug] [2020-05-09T18:15:04.412Z] [runtime-status] [7687] Outgoing network have been stubbed. [{"name":"http","status":"mocked"},{"name":"http","status":"mocked"},{"name":"https","status":"mocked"},{"name":"https","status":"mocked"},{"name":"net","status":"mocked"},{"name":"google-gax","status":"mocked"}]
[debug] [2020-05-09T18:15:04.439Z] File /Users/guiseek/web/work/blog/programando/dist/apps/cloud/functions/main.js changed, reloading triggers
[debug] [2020-05-09T18:15:04.440Z] File /Users/guiseek/web/work/blog/programando/dist/apps/cloud/functions/main.js.map changed, reloading triggers
[debug] [2020-05-09T18:15:04.478Z] [runtime-status] [7687] Checked functions.config() {"config":{}}
[debug] [2020-05-09T18:15:04.479Z] [runtime-status] [7687] Resolved module firebase-functions {"declared":true,"installed":true,"version":"3.6.1","resolution":"/Users/guiseek/web/work/blog/programando/node_modules/firebase-functions/lib/index.js"}
[debug] [2020-05-09T18:15:04.481Z] [runtime-status] [7687] Resolved module firebase-admin {"declared":true,"installed":true,"version":"8.12.1","resolution":"/Users/guiseek/web/work/blog/programando/node_modules/firebase-admin/lib/index.js"}
[debug] [2020-05-09T18:15:04.481Z] [runtime-status] [7687] Resolved module firebase-functions {"declared":true,"installed":true,"version":"3.6.1","resolution":"/Users/guiseek/web/work/blog/programando/node_modules/firebase-functions/lib/index.js"}
[debug] [2020-05-09T18:15:04.611Z] [runtime-status] [7687] firebase-admin has been stubbed. {"adminResolution":{"declared":true,"installed":true,"version":"8.12.1","resolution":"/Users/guiseek/web/work/blog/programando/node_modules/firebase-admin/lib/index.js"}}
[debug] [2020-05-09T18:15:04.614Z] [runtime-status] [7687] initializeApp(DEFAULT) {"databaseURL":"https://head-tech.firebaseio.com","storageBucket":"head-tech.appspot.com","projectId":"head-tech"}
[info] ✔  functions[like]: http function initialized (http://localhost:5001/head-tech/us-central1/like).
[info] ✔  emulators: All emulators started, it is now safe to connect.
[debug] [2020-05-09T18:15:04.773Z] [worker-~diagnostic~-b9e7a5a0-e962-42b1-9223-405325adbd4a]: IDLE
[debug] [2020-05-09T18:15:05.441Z] [worker-pool] Shutting down IDLE worker (~diagnostic~)
[debug] [2020-05-09T18:15:05.441Z] [worker-~diagnostic~-b9e7a5a0-e962-42b1-9223-405325adbd4a]: FINISHING
[debug] [2020-05-09T18:15:05.447Z] [worker-pool] addWorker(~diagnostic~)
[debug] [2020-05-09T18:15:05.448Z] [worker-pool] Adding worker with key ~diagnostic~, total=2
[debug] [2020-05-09T18:15:05.448Z] [worker-pool] submitWork(triggerId=)
[debug] [2020-05-09T18:15:05.448Z] [worker-~diagnostic~-f2bf3219-d7e2-4294-8a8a-d55d6260062e]: Assigning socketPath: /var/folders/ch/rr3t2f_j1j72l3_2781k0dgh0000gn/T/fire_emu_7691.sock
[debug] [2020-05-09T18:15:05.448Z] [worker-~diagnostic~-f2bf3219-d7e2-4294-8a8a-d55d6260062e]: BUSY
[debug] [2020-05-09T18:15:05.450Z] [worker-~diagnostic~-b9e7a5a0-e962-42b1-9223-405325adbd4a]: exited
[debug] [2020-05-09T18:15:05.450Z] [worker-~diagnostic~-b9e7a5a0-e962-42b1-9223-405325adbd4a]: FINISHED
[debug] [2020-05-09T18:15:05.880Z] [runtime-status] [7691] Functions runtime initialized. {"cwd":"/Users/guiseek/web/work/blog/programando","node_version":"10.14.2"}
[debug] [2020-05-09T18:15:05.891Z] [runtime-status] [7691] Disabled runtime features: undefined
[debug] [2020-05-09T18:15:05.896Z] [runtime-status] [7691] Resolved module firebase-admin {"declared":true,"installed":true,"version":"8.12.1","resolution":"/Users/guiseek/web/work/blog/programando/node_modules/firebase-admin/lib/index.js"}
[debug] [2020-05-09T18:15:05.900Z] [runtime-status] [7691] Resolved module firebase-functions {"declared":true,"installed":true,"version":"3.6.1","resolution":"/Users/guiseek/web/work/blog/programando/node_modules/firebase-functions/lib/index.js"}
[debug] [2020-05-09T18:15:06.258Z] [runtime-status] [7691] Found google-gax at /Users/guiseek/web/work/blog/programando/node_modules/google-gax/build/src/index.js
[debug] [2020-05-09T18:15:06.259Z] [runtime-status] [7691] Outgoing network have been stubbed. [{"name":"http","status":"mocked"},{"name":"http","status":"mocked"},{"name":"https","status":"mocked"},{"name":"https","status":"mocked"},{"name":"net","status":"mocked"},{"name":"google-gax","status":"mocked"}]
[debug] [2020-05-09T18:15:06.287Z] [runtime-status] [7691] Checked functions.config() {"config":{}}
[debug] [2020-05-09T18:15:06.291Z] [runtime-status] [7691] Resolved module firebase-functions {"declared":true,"installed":true,"version":"3.6.1","resolution":"/Users/guiseek/web/work/blog/programando/node_modules/firebase-functions/lib/index.js"}
[debug] [2020-05-09T18:15:06.292Z] [runtime-status] [7691] Resolved module firebase-admin {"declared":true,"installed":true,"version":"8.12.1","resolution":"/Users/guiseek/web/work/blog/programando/node_modules/firebase-admin/lib/index.js"}
[debug] [2020-05-09T18:15:06.293Z] [runtime-status] [7691] Resolved module firebase-functions {"declared":true,"installed":true,"version":"3.6.1","resolution":"/Users/guiseek/web/work/blog/programando/node_modules/firebase-functions/lib/index.js"}
[debug] [2020-05-09T18:15:06.379Z] [runtime-status] [7691] firebase-admin has been stubbed. {"adminResolution":{"declared":true,"installed":true,"version":"8.12.1","resolution":"/Users/guiseek/web/work/blog/programando/node_modules/firebase-admin/lib/index.js"}}
[debug] [2020-05-09T18:15:06.383Z] [runtime-status] [7691] initializeApp(DEFAULT) {"databaseURL":"https://head-tech.firebaseio.com","storageBucket":"head-tech.appspot.com","projectId":"head-tech"}
[debug] [2020-05-09T18:15:06.485Z] [worker-~diagnostic~-f2bf3219-d7e2-4294-8a8a-d55d6260062e]: IDLE
[debug] [2020-05-09T18:15:29.878Z] File /Users/guiseek/web/work/blog/programando/libs/web/components/src/lib/web-like-button.component.ts changed, reloading triggers
[debug] [2020-05-09T18:15:30.880Z] [worker-pool] Shutting down IDLE worker (~diagnostic~)
[debug] [2020-05-09T18:15:30.880Z] [worker-~diagnostic~-f2bf3219-d7e2-4294-8a8a-d55d6260062e]: FINISHING
[debug] [2020-05-09T18:15:30.880Z] [worker-pool] Cleaned up workers for ~diagnostic~: 2 --> 1
[debug] [2020-05-09T18:15:30.888Z] [worker-pool] addWorker(~diagnostic~)
[debug] [2020-05-09T18:15:30.888Z] [worker-pool] Adding worker with key ~diagnostic~, total=2
[debug] [2020-05-09T18:15:30.888Z] [worker-pool] submitWork(triggerId=)
[debug] [2020-05-09T18:15:30.888Z] [worker-~diagnostic~-a1ce57b6-2d4b-46c0-aef4-4ac95cada97e]: Assigning socketPath: /var/folders/ch/rr3t2f_j1j72l3_2781k0dgh0000gn/T/fire_emu_7705.sock
[debug] [2020-05-09T18:15:30.889Z] [worker-~diagnostic~-a1ce57b6-2d4b-46c0-aef4-4ac95cada97e]: BUSY
[debug] [2020-05-09T18:15:30.890Z] [worker-~diagnostic~-f2bf3219-d7e2-4294-8a8a-d55d6260062e]: exited
[debug] [2020-05-09T18:15:30.890Z] [worker-~diagnostic~-f2bf3219-d7e2-4294-8a8a-d55d6260062e]: FINISHED
[debug] [2020-05-09T18:15:31.941Z] [runtime-status] [7705] Functions runtime initialized. {"cwd":"/Users/guiseek/web/work/blog/programando","node_version":"10.14.2"}
[debug] [2020-05-09T18:15:31.950Z] [runtime-status] [7705] Disabled runtime features: undefined
[debug] [2020-05-09T18:15:31.954Z] [runtime-status] [7705] Resolved module firebase-admin {"declared":true,"installed":true,"version":"8.12.1","resolution":"/Users/guiseek/web/work/blog/programando/node_modules/firebase-admin/lib/index.js"}
[debug] [2020-05-09T18:15:31.955Z] [runtime-status] [7705] Resolved module firebase-functions {"declared":true,"installed":true,"version":"3.6.1","resolution":"/Users/guiseek/web/work/blog/programando/node_modules/firebase-functions/lib/index.js"}
[debug] [2020-05-09T18:15:32.688Z] [runtime-status] [7705] Found google-gax at /Users/guiseek/web/work/blog/programando/node_modules/google-gax/build/src/index.js
[debug] [2020-05-09T18:15:32.688Z] [runtime-status] [7705] Outgoing network have been stubbed. [{"name":"http","status":"mocked"},{"name":"http","status":"mocked"},{"name":"https","status":"mocked"},{"name":"https","status":"mocked"},{"name":"net","status":"mocked"},{"name":"google-gax","status":"mocked"}]
[debug] [2020-05-09T18:15:32.830Z] [runtime-status] [7705] Checked functions.config() {"config":{}}
[debug] [2020-05-09T18:15:32.835Z] [runtime-status] [7705] Resolved module firebase-functions {"declared":true,"installed":true,"version":"3.6.1","resolution":"/Users/guiseek/web/work/blog/programando/node_modules/firebase-functions/lib/index.js"}
[debug] [2020-05-09T18:15:32.840Z] [runtime-status] [7705] Resolved module firebase-admin {"declared":true,"installed":true,"version":"8.12.1","resolution":"/Users/guiseek/web/work/blog/programando/node_modules/firebase-admin/lib/index.js"}
[debug] [2020-05-09T18:15:32.845Z] [runtime-status] [7705] Resolved module firebase-functions {"declared":true,"installed":true,"version":"3.6.1","resolution":"/Users/guiseek/web/work/blog/programando/node_modules/firebase-functions/lib/index.js"}
[debug] [2020-05-09T18:15:33.062Z] [runtime-status] [7705] firebase-admin has been stubbed. {"adminResolution":{"declared":true,"installed":true,"version":"8.12.1","resolution":"/Users/guiseek/web/work/blog/programando/node_modules/firebase-admin/lib/index.js"}}
[debug] [2020-05-09T18:15:33.067Z] [runtime-status] [7705] initializeApp(DEFAULT) {"databaseURL":"https://head-tech.firebaseio.com","storageBucket":"head-tech.appspot.com","projectId":"head-tech"}
[debug] [2020-05-09T18:15:33.288Z] [worker-~diagnostic~-a1ce57b6-2d4b-46c0-aef4-4ac95cada97e]: IDLE
[debug] [2020-05-09T18:21:32.467Z] File /Users/guiseek/web/work/blog/programando/libs/web/components/src/lib/web-like-button.component.ts changed, reloading triggers
[debug] [2020-05-09T18:21:33.475Z] [worker-pool] Shutting down IDLE worker (~diagnostic~)
[debug] [2020-05-09T18:21:33.475Z] [worker-~diagnostic~-a1ce57b6-2d4b-46c0-aef4-4ac95cada97e]: FINISHING
[debug] [2020-05-09T18:21:33.475Z] [worker-pool] Cleaned up workers for ~diagnostic~: 2 --> 1
[debug] [2020-05-09T18:21:33.489Z] [worker-pool] addWorker(~diagnostic~)
[debug] [2020-05-09T18:21:33.489Z] [worker-pool] Adding worker with key ~diagnostic~, total=2
[debug] [2020-05-09T18:21:33.489Z] [worker-pool] submitWork(triggerId=)
[debug] [2020-05-09T18:21:33.489Z] [worker-~diagnostic~-6eaa4e89-32f9-4e08-a915-2ee045b9f696]: Assigning socketPath: /var/folders/ch/rr3t2f_j1j72l3_2781k0dgh0000gn/T/fire_emu_7809.sock
[debug] [2020-05-09T18:21:33.490Z] [worker-~diagnostic~-6eaa4e89-32f9-4e08-a915-2ee045b9f696]: BUSY
[debug] [2020-05-09T18:21:33.492Z] [worker-~diagnostic~-a1ce57b6-2d4b-46c0-aef4-4ac95cada97e]: exited
[debug] [2020-05-09T18:21:33.492Z] [worker-~diagnostic~-a1ce57b6-2d4b-46c0-aef4-4ac95cada97e]: FINISHED
[debug] [2020-05-09T18:21:34.498Z] [runtime-status] [7809] Functions runtime initialized. {"cwd":"/Users/guiseek/web/work/blog/programando","node_version":"10.14.2"}
[debug] [2020-05-09T18:21:34.501Z] [runtime-status] [7809] Disabled runtime features: undefined
[debug] [2020-05-09T18:21:34.511Z] [runtime-status] [7809] Resolved module firebase-admin {"declared":true,"installed":true,"version":"8.12.1","resolution":"/Users/guiseek/web/work/blog/programando/node_modules/firebase-admin/lib/index.js"}
[debug] [2020-05-09T18:21:34.517Z] [runtime-status] [7809] Resolved module firebase-functions {"declared":true,"installed":true,"version":"3.6.1","resolution":"/Users/guiseek/web/work/blog/programando/node_modules/firebase-functions/lib/index.js"}
[debug] [2020-05-09T18:21:35.884Z] [runtime-status] [7809] Found google-gax at /Users/guiseek/web/work/blog/programando/node_modules/google-gax/build/src/index.js
[debug] [2020-05-09T18:21:35.885Z] [runtime-status] [7809] Outgoing network have been stubbed. [{"name":"http","status":"mocked"},{"name":"http","status":"mocked"},{"name":"https","status":"mocked"},{"name":"https","status":"mocked"},{"name":"net","status":"mocked"},{"name":"google-gax","status":"mocked"}]
[debug] [2020-05-09T18:21:35.935Z] [runtime-status] [7809] Checked functions.config() {"config":{}}
[debug] [2020-05-09T18:21:35.937Z] [runtime-status] [7809] Resolved module firebase-functions {"declared":true,"installed":true,"version":"3.6.1","resolution":"/Users/guiseek/web/work/blog/programando/node_modules/firebase-functions/lib/index.js"}
[debug] [2020-05-09T18:21:35.938Z] [runtime-status] [7809] Resolved module firebase-admin {"declared":true,"installed":true,"version":"8.12.1","resolution":"/Users/guiseek/web/work/blog/programando/node_modules/firebase-admin/lib/index.js"}
[debug] [2020-05-09T18:21:35.939Z] [runtime-status] [7809] Resolved module firebase-functions {"declared":true,"installed":true,"version":"3.6.1","resolution":"/Users/guiseek/web/work/blog/programando/node_modules/firebase-functions/lib/index.js"}
[debug] [2020-05-09T18:21:36.305Z] [runtime-status] [7809] firebase-admin has been stubbed. {"adminResolution":{"declared":true,"installed":true,"version":"8.12.1","resolution":"/Users/guiseek/web/work/blog/programando/node_modules/firebase-admin/lib/index.js"}}
[debug] [2020-05-09T18:21:36.309Z] [runtime-status] [7809] initializeApp(DEFAULT) {"databaseURL":"https://head-tech.firebaseio.com","storageBucket":"head-tech.appspot.com","projectId":"head-tech"}
[debug] [2020-05-09T18:21:36.459Z] [worker-~diagnostic~-6eaa4e89-32f9-4e08-a915-2ee045b9f696]: IDLE
[debug] [2020-05-09T18:22:11.877Z] File /Users/guiseek/web/work/blog/programando/apps/cloud/functions/src/app/http.ts changed, reloading triggers
[debug] [2020-05-09T18:22:12.224Z] File /Users/guiseek/web/work/blog/programando/dist/apps/cloud/functions/main.js.map changed, reloading triggers
[debug] [2020-05-09T18:22:12.225Z] File /Users/guiseek/web/work/blog/programando/dist/apps/cloud/functions/main.js changed, reloading triggers
[debug] [2020-05-09T18:22:13.227Z] [worker-pool] Shutting down IDLE worker (~diagnostic~)
[debug] [2020-05-09T18:22:13.227Z] [worker-~diagnostic~-6eaa4e89-32f9-4e08-a915-2ee045b9f696]: FINISHING
[debug] [2020-05-09T18:22:13.227Z] [worker-pool] Cleaned up workers for ~diagnostic~: 2 --> 1
[debug] [2020-05-09T18:22:13.245Z] [worker-pool] addWorker(~diagnostic~)
[debug] [2020-05-09T18:22:13.245Z] [worker-pool] Adding worker with key ~diagnostic~, total=2
[debug] [2020-05-09T18:22:13.245Z] [worker-pool] submitWork(triggerId=)
[debug] [2020-05-09T18:22:13.245Z] [worker-~diagnostic~-0e08237e-07fa-4c4d-bc5f-a363251a49e4]: Assigning socketPath: /var/folders/ch/rr3t2f_j1j72l3_2781k0dgh0000gn/T/fire_emu_7838.sock
[debug] [2020-05-09T18:22:13.246Z] [worker-~diagnostic~-0e08237e-07fa-4c4d-bc5f-a363251a49e4]: BUSY
[debug] [2020-05-09T18:22:13.247Z] [worker-~diagnostic~-6eaa4e89-32f9-4e08-a915-2ee045b9f696]: exited
[debug] [2020-05-09T18:22:13.247Z] [worker-~diagnostic~-6eaa4e89-32f9-4e08-a915-2ee045b9f696]: FINISHED
[debug] [2020-05-09T18:22:13.800Z] [runtime-status] [7838] Functions runtime initialized. {"cwd":"/Users/guiseek/web/work/blog/programando","node_version":"10.14.2"}
[debug] [2020-05-09T18:22:13.802Z] [runtime-status] [7838] Disabled runtime features: undefined
[debug] [2020-05-09T18:22:13.810Z] [runtime-status] [7838] Resolved module firebase-admin {"declared":true,"installed":true,"version":"8.12.1","resolution":"/Users/guiseek/web/work/blog/programando/node_modules/firebase-admin/lib/index.js"}
[debug] [2020-05-09T18:22:13.811Z] [runtime-status] [7838] Resolved module firebase-functions {"declared":true,"installed":true,"version":"3.6.1","resolution":"/Users/guiseek/web/work/blog/programando/node_modules/firebase-functions/lib/index.js"}
[debug] [2020-05-09T18:22:14.333Z] [runtime-status] [7838] Found google-gax at /Users/guiseek/web/work/blog/programando/node_modules/google-gax/build/src/index.js
[debug] [2020-05-09T18:22:14.333Z] [runtime-status] [7838] Outgoing network have been stubbed. [{"name":"http","status":"mocked"},{"name":"http","status":"mocked"},{"name":"https","status":"mocked"},{"name":"https","status":"mocked"},{"name":"net","status":"mocked"},{"name":"google-gax","status":"mocked"}]
[debug] [2020-05-09T18:22:14.387Z] [runtime-status] [7838] Checked functions.config() {"config":{}}
[debug] [2020-05-09T18:22:14.388Z] [runtime-status] [7838] Resolved module firebase-functions {"declared":true,"installed":true,"version":"3.6.1","resolution":"/Users/guiseek/web/work/blog/programando/node_modules/firebase-functions/lib/index.js"}
[debug] [2020-05-09T18:22:14.394Z] [runtime-status] [7838] Resolved module firebase-admin {"declared":true,"installed":true,"version":"8.12.1","resolution":"/Users/guiseek/web/work/blog/programando/node_modules/firebase-admin/lib/index.js"}
[debug] [2020-05-09T18:22:14.394Z] [runtime-status] [7838] Resolved module firebase-functions {"declared":true,"installed":true,"version":"3.6.1","resolution":"/Users/guiseek/web/work/blog/programando/node_modules/firebase-functions/lib/index.js"}
[debug] [2020-05-09T18:22:14.498Z] [runtime-status] [7838] firebase-admin has been stubbed. {"adminResolution":{"declared":true,"installed":true,"version":"8.12.1","resolution":"/Users/guiseek/web/work/blog/programando/node_modules/firebase-admin/lib/index.js"}}
[debug] [2020-05-09T18:22:14.501Z] [runtime-status] [7838] initializeApp(DEFAULT) {"databaseURL":"https://head-tech.firebaseio.com","storageBucket":"head-tech.appspot.com","projectId":"head-tech"}
[debug] [2020-05-09T18:22:14.628Z] [worker-~diagnostic~-0e08237e-07fa-4c4d-bc5f-a363251a49e4]: IDLE
[debug] [2020-05-09T18:22:21.233Z] [work-queue] {"queueLength":1,"workRunningCount":0}
[debug] [2020-05-09T18:22:21.234Z] [work-queue] {"queueLength":0,"workRunningCount":1}
[debug] [2020-05-09T18:22:21.235Z] Accepted request POST /head-tech/us-central1/like --> like
[debug] [2020-05-09T18:22:21.235Z] [worker-pool] Cleaned up workers for ~diagnostic~: 2 --> 1
[debug] [2020-05-09T18:22:21.247Z] [worker-pool] addWorker(like)
[debug] [2020-05-09T18:22:21.247Z] [worker-pool] Adding worker with key like, total=1
[debug] [2020-05-09T18:22:21.248Z] [worker-pool] submitWork(triggerId=like)
[debug] [2020-05-09T18:22:21.248Z] [worker-like-c06a8b1c-4ed5-4dd7-94f5-59a415d5b6a4]: Assigning socketPath: /var/folders/ch/rr3t2f_j1j72l3_2781k0dgh0000gn/T/fire_emu_7850.sock
[debug] [2020-05-09T18:22:21.248Z] [worker-like-c06a8b1c-4ed5-4dd7-94f5-59a415d5b6a4]: BUSY
[debug] [2020-05-09T18:22:21.496Z] [runtime-status] [7850] Functions runtime initialized. {"cwd":"/Users/guiseek/web/work/blog/programando","node_version":"10.14.2"}
[debug] [2020-05-09T18:22:21.498Z] [runtime-status] [7850] Disabled runtime features: undefined
[debug] [2020-05-09T18:22:21.500Z] [runtime-status] [7850] Resolved module firebase-admin {"declared":true,"installed":true,"version":"8.12.1","resolution":"/Users/guiseek/web/work/blog/programando/node_modules/firebase-admin/lib/index.js"}
[debug] [2020-05-09T18:22:21.501Z] [runtime-status] [7850] Resolved module firebase-functions {"declared":true,"installed":true,"version":"3.6.1","resolution":"/Users/guiseek/web/work/blog/programando/node_modules/firebase-functions/lib/index.js"}
[debug] [2020-05-09T18:22:21.663Z] [runtime-status] [7850] Found google-gax at /Users/guiseek/web/work/blog/programando/node_modules/google-gax/build/src/index.js
[debug] [2020-05-09T18:22:21.663Z] [runtime-status] [7850] Outgoing network have been stubbed. [{"name":"http","status":"mocked"},{"name":"http","status":"mocked"},{"name":"https","status":"mocked"},{"name":"https","status":"mocked"},{"name":"net","status":"mocked"},{"name":"google-gax","status":"mocked"}]
[debug] [2020-05-09T18:22:21.682Z] [runtime-status] [7850] Checked functions.config() {"config":{}}
[debug] [2020-05-09T18:22:21.683Z] [runtime-status] [7850] Resolved module firebase-functions {"declared":true,"installed":true,"version":"3.6.1","resolution":"/Users/guiseek/web/work/blog/programando/node_modules/firebase-functions/lib/index.js"}
[debug] [2020-05-09T18:22:21.684Z] [runtime-status] [7850] Resolved module firebase-admin {"declared":true,"installed":true,"version":"8.12.1","resolution":"/Users/guiseek/web/work/blog/programando/node_modules/firebase-admin/lib/index.js"}
[debug] [2020-05-09T18:22:21.684Z] [runtime-status] [7850] Resolved module firebase-functions {"declared":true,"installed":true,"version":"3.6.1","resolution":"/Users/guiseek/web/work/blog/programando/node_modules/firebase-functions/lib/index.js"}
[debug] [2020-05-09T18:22:21.724Z] [runtime-status] [7850] firebase-admin has been stubbed. {"adminResolution":{"declared":true,"installed":true,"version":"8.12.1","resolution":"/Users/guiseek/web/work/blog/programando/node_modules/firebase-admin/lib/index.js"}}
[debug] [2020-05-09T18:22:21.726Z] [runtime-status] [7850] initializeApp(DEFAULT) {"databaseURL":"https://head-tech.firebaseio.com","storageBucket":"head-tech.appspot.com","projectId":"head-tech"}
[debug] [2020-05-09T18:22:21.771Z] [runtime-status] [7850] Trigger "like" has been found, beginning invocation!
[info] i  functions: Beginning execution of "like"
[debug] [2020-05-09T18:22:21.772Z] [runtime-status] [7850] triggerDefinition {"httpsTrigger":{},"name":"like","entryPoint":"like"}
[debug] [2020-05-09T18:22:21.773Z] [runtime-status] [7850] Running like in mode HTTPS
[debug] [2020-05-09T18:22:21.783Z] [runtime-status] [7850] Attempting to listen to socketPath: /var/folders/ch/rr3t2f_j1j72l3_2781k0dgh0000gn/T/fire_emu_7850.sock
[debug] [2020-05-09T18:22:21.789Z] [functions] Runtime ready! Sending request!
[debug] [2020-05-09T18:22:21.801Z] [runtime-status] [7850] Ephemeral server handling POST request
[info] >  <Buffer 2d 2d 2d 2d 2d 2d 57 65 62 4b 69 74 46 6f 72 6d 42 6f 75 6e 64 61 72 79 6f 75 41 33 42 58 49 6c 4e 68 67 65 51 38 62 4b 0d 0a 43 6f 6e 74 65 6e 74 2d ... >
[debug] [2020-05-09T18:22:21.813Z] [runtime-status] [7850] Ephemeral server survived.
[info] i  functions: Finished "like" in ~1s
[debug] [2020-05-09T18:22:21.815Z] [worker-like-c06a8b1c-4ed5-4dd7-94f5-59a415d5b6a4]: IDLE
[debug] [2020-05-09T18:22:21.815Z] [work-queue] {"queueLength":0,"workRunningCount":0}
[info] i  emulators: Shutting down emulators.
[info] i  hub: Stopping emulator hub
[info] i  emulators: Shutting down emulators.
[info] i  hub: Stopping emulator hub
[debug] [2020-05-09T18:23:15.800Z] [worker-~diagnostic~-0e08237e-07fa-4c4d-bc5f-a363251a49e4]: exited
[debug] [2020-05-09T18:23:15.800Z] [worker-~diagnostic~-0e08237e-07fa-4c4d-bc5f-a363251a49e4]: FINISHED
[debug] [2020-05-09T18:23:15.800Z] [worker-like-c06a8b1c-4ed5-4dd7-94f5-59a415d5b6a4]: exited
[debug] [2020-05-09T18:23:15.800Z] [worker-like-c06a8b1c-4ed5-4dd7-94f5-59a415d5b6a4]: FINISHED
[info] i  functions: Stopping functions emulator
[info] i  firestore: Stopping firestore emulator
[debug] [2020-05-09T18:23:15.823Z] *** shutting down gRPC server since JVM is shutting down

[debug] [2020-05-09T18:23:15.835Z] *** server shut down

[info] i  emulators: Shutting down emulators.
